0 info it worked if it ends with ok
1 verbose cli [ 'C:\\Program Files\\nodejs\\node.exe',
1 verbose cli   'C:\\Program Files\\nodejs\\node_modules\\npm\\bin\\npm-cli.js',
1 verbose cli   'install',
1 verbose cli   '-',
1 verbose cli   'g',
1 verbose cli   'firebase',
1 verbose cli   '-',
1 verbose cli   'tools' ]
2 info using npm@3.10.10
3 info using node@v6.11.3
4 verbose config Skipping project config: C:\Users\Dell/.npmrc. (matches userconfig)
5 silly loadCurrentTree Starting
6 silly install loadCurrentTree
7 silly install readLocalPackageData
8 silly fetchPackageMetaData -
9 silly fetchPackageMetaData g
10 silly fetchPackageMetaData firebase
11 silly fetchPackageMetaData -
12 silly fetchPackageMetaData tools
13 silly fetchOtherPackageData -
14 silly cache add args [ '-', null ]
15 verbose cache add spec -
16 silly fetchNamedPackageData g
17 silly mapToRegistry name g
18 silly mapToRegistry using default registry
19 silly mapToRegistry registry https://registry.npmjs.org/
20 silly mapToRegistry data Result {
20 silly mapToRegistry   raw: 'g',
20 silly mapToRegistry   scope: null,
20 silly mapToRegistry   escapedName: 'g',
20 silly mapToRegistry   name: 'g',
20 silly mapToRegistry   rawSpec: '',
20 silly mapToRegistry   spec: 'latest',
20 silly mapToRegistry   type: 'tag' }
21 silly mapToRegistry uri https://registry.npmjs.org/g
22 silly fetchNamedPackageData firebase
23 silly mapToRegistry name firebase
24 silly mapToRegistry using default registry
25 silly mapToRegistry registry https://registry.npmjs.org/
26 silly mapToRegistry data Result {
26 silly mapToRegistry   raw: 'firebase',
26 silly mapToRegistry   scope: null,
26 silly mapToRegistry   escapedName: 'firebase',
26 silly mapToRegistry   name: 'firebase',
26 silly mapToRegistry   rawSpec: '',
26 silly mapToRegistry   spec: 'latest',
26 silly mapToRegistry   type: 'tag' }
27 silly mapToRegistry uri https://registry.npmjs.org/firebase
28 silly fetchOtherPackageData -
29 silly cache add args [ '-', null ]
30 verbose cache add spec -
31 silly fetchNamedPackageData tools
32 silly mapToRegistry name tools
33 silly mapToRegistry using default registry
34 silly mapToRegistry registry https://registry.npmjs.org/
35 silly mapToRegistry data Result {
35 silly mapToRegistry   raw: 'tools',
35 silly mapToRegistry   scope: null,
35 silly mapToRegistry   escapedName: 'tools',
35 silly mapToRegistry   name: 'tools',
35 silly mapToRegistry   rawSpec: '',
35 silly mapToRegistry   spec: 'latest',
35 silly mapToRegistry   type: 'tag' }
36 silly mapToRegistry uri https://registry.npmjs.org/tools
37 silly cache add parsed spec Result {
37 silly cache add   raw: '-',
37 silly cache add   scope: null,
37 silly cache add   escapedName: null,
37 silly cache add   name: null,
37 silly cache add   rawSpec: '-',
37 silly cache add   spec: 'C:\\Users\\Dell\\appfirebase\\-',
37 silly cache add   type: 'local' }
38 silly cache add parsed spec Result {
38 silly cache add   raw: '-',
38 silly cache add   scope: null,
38 silly cache add   escapedName: null,
38 silly cache add   name: null,
38 silly cache add   rawSpec: '-',
38 silly cache add   spec: 'C:\\Users\\Dell\\appfirebase\\-',
38 silly cache add   type: 'local' }
39 error addLocal Could not install C:\Users\Dell\appfirebase\-
40 silly fetchPackageMetaData Error: ENOENT: no such file or directory, open 'C:\Users\Dell\appfirebase\-'
40 silly fetchPackageMetaData     at Error (native)
40 silly fetchPackageMetaData  error for - { Error: ENOENT: no such file or directory, open 'C:\Users\Dell\appfirebase\-'
40 silly fetchPackageMetaData     at Error (native)
40 silly fetchPackageMetaData   errno: -4058,
40 silly fetchPackageMetaData   code: 'ENOENT',
40 silly fetchPackageMetaData   syscall: 'open',
40 silly fetchPackageMetaData   path: 'C:\\Users\\Dell\\appfirebase\\-' }
41 error addLocal Could not install C:\Users\Dell\appfirebase\-
42 silly fetchPackageMetaData Error: ENOENT: no such file or directory, open 'C:\Users\Dell\appfirebase\-'
42 silly fetchPackageMetaData     at Error (native)
42 silly fetchPackageMetaData  error for - { Error: ENOENT: no such file or directory, open 'C:\Users\Dell\appfirebase\-'
42 silly fetchPackageMetaData     at Error (native)
42 silly fetchPackageMetaData   errno: -4058,
42 silly fetchPackageMetaData   code: 'ENOENT',
42 silly fetchPackageMetaData   syscall: 'open',
42 silly fetchPackageMetaData   path: 'C:\\Users\\Dell\\appfirebase\\-' }
43 verbose request uri https://registry.npmjs.org/g
44 verbose request no auth needed
45 info attempt registry request try #1 at 15:19:51
46 verbose request id 17857ace1c62f6ce
47 verbose etag "57369939-205b"
48 verbose lastModified Sat, 14 May 2016 3:19:21 GMT
49 http request GET https://registry.npmjs.org/g
50 verbose request uri https://registry.npmjs.org/firebase
51 verbose request no auth needed
52 info attempt registry request try #1 at 15:19:51
53 verbose etag "5a301c8c-28c8c"
54 verbose lastModified Tue, 12 Dec 2017 18:14:36 GMT
55 http request GET https://registry.npmjs.org/firebase
56 verbose request uri https://registry.npmjs.org/tools
57 verbose request no auth needed
58 info attempt registry request try #1 at 15:19:51
59 verbose etag "4dda6b05-3f8"
60 verbose lastModified Mon, 23 May 2011 14:11:17 GMT
61 http request GET https://registry.npmjs.org/tools
62 http 304 https://registry.npmjs.org/firebase
63 verbose headers { date: 'Fri, 15 Dec 2017 21:19:54 GMT',
63 verbose headers   via: '1.1 varnish',
63 verbose headers   'cache-control': 'max-age=300',
63 verbose headers   etag: '"5a301c8c-28c8c"',
63 verbose headers   age: '4632',
63 verbose headers   connection: 'keep-alive',
63 verbose headers   'x-served-by': 'cache-mia17631-MIA',
63 verbose headers   'x-cache': 'HIT',
63 verbose headers   'x-cache-hits': '15',
63 verbose headers   'x-timer': 'S1513372794.195280,VS0,VE0',
63 verbose headers   vary: 'Accept-Encoding, Accept' }
64 silly get cb [ 304,
64 silly get   { date: 'Fri, 15 Dec 2017 21:19:54 GMT',
64 silly get     via: '1.1 varnish',
64 silly get     'cache-control': 'max-age=300',
64 silly get     etag: '"5a301c8c-28c8c"',
64 silly get     age: '4632',
64 silly get     connection: 'keep-alive',
64 silly get     'x-served-by': 'cache-mia17631-MIA',
64 silly get     'x-cache': 'HIT',
64 silly get     'x-cache-hits': '15',
64 silly get     'x-timer': 'S1513372794.195280,VS0,VE0',
64 silly get     vary: 'Accept-Encoding, Accept' } ]
65 verbose etag https://registry.npmjs.org/firebase from cache
66 verbose get saving firebase to C:\Users\Dell\AppData\Roaming\npm-cache\registry.npmjs.org\firebase\.cache.json
67 verbose correctMkdir C:\Users\Dell\AppData\Roaming\npm-cache correctMkdir not in flight; initializing
68 http 304 https://registry.npmjs.org/g
69 verbose headers { date: 'Fri, 15 Dec 2017 21:19:54 GMT',
69 verbose headers   via: '1.1 varnish',
69 verbose headers   'cache-control': 'max-age=300',
69 verbose headers   etag: '"57369939-205b"',
69 verbose headers   age: '0',
69 verbose headers   connection: 'keep-alive',
69 verbose headers   'x-served-by': 'cache-mia17621-MIA',
69 verbose headers   'x-cache': 'MISS',
69 verbose headers   'x-cache-hits': '0',
69 verbose headers   'x-timer': 'S1513372794.139556,VS0,VE122',
69 verbose headers   vary: 'Accept-Encoding, Accept' }
70 silly get cb [ 304,
70 silly get   { date: 'Fri, 15 Dec 2017 21:19:54 GMT',
70 silly get     via: '1.1 varnish',
70 silly get     'cache-control': 'max-age=300',
70 silly get     etag: '"57369939-205b"',
70 silly get     age: '0',
70 silly get     connection: 'keep-alive',
70 silly get     'x-served-by': 'cache-mia17621-MIA',
70 silly get     'x-cache': 'MISS',
70 silly get     'x-cache-hits': '0',
70 silly get     'x-timer': 'S1513372794.139556,VS0,VE122',
70 silly get     vary: 'Accept-Encoding, Accept' } ]
71 verbose etag https://registry.npmjs.org/g from cache
72 verbose get saving g to C:\Users\Dell\AppData\Roaming\npm-cache\registry.npmjs.org\g\.cache.json
73 verbose correctMkdir C:\Users\Dell\AppData\Roaming\npm-cache correctMkdir not in flight; initializing
74 http 304 https://registry.npmjs.org/tools
75 verbose headers { date: 'Fri, 15 Dec 2017 21:19:54 GMT',
75 verbose headers   via: '1.1 varnish',
75 verbose headers   'cache-control': 'max-age=300',
75 verbose headers   etag: '"4dda6b05-3f8"',
75 verbose headers   age: '0',
75 verbose headers   connection: 'keep-alive',
75 verbose headers   'x-served-by': 'cache-mia17631-MIA',
75 verbose headers   'x-cache': 'MISS',
75 verbose headers   'x-cache-hits': '0',
75 verbose headers   'x-timer': 'S1513372794.202688,VS0,VE118',
75 verbose headers   vary: 'Accept-Encoding, Accept' }
76 silly get cb [ 304,
76 silly get   { date: 'Fri, 15 Dec 2017 21:19:54 GMT',
76 silly get     via: '1.1 varnish',
76 silly get     'cache-control': 'max-age=300',
76 silly get     etag: '"4dda6b05-3f8"',
76 silly get     age: '0',
76 silly get     connection: 'keep-alive',
76 silly get     'x-served-by': 'cache-mia17631-MIA',
76 silly get     'x-cache': 'MISS',
76 silly get     'x-cache-hits': '0',
76 silly get     'x-timer': 'S1513372794.202688,VS0,VE118',
76 silly get     vary: 'Accept-Encoding, Accept' } ]
77 verbose etag https://registry.npmjs.org/tools from cache
78 verbose get saving tools to C:\Users\Dell\AppData\Roaming\npm-cache\registry.npmjs.org\tools\.cache.json
79 verbose correctMkdir C:\Users\Dell\AppData\Roaming\npm-cache correctMkdir not in flight; initializing
80 silly rollbackFailedOptional Starting
81 silly rollbackFailedOptional Finishing
82 silly runTopLevelLifecycles Finishing
83 silly install printInstalled
84 verbose stack Error: ENOENT: no such file or directory, open 'C:\Users\Dell\appfirebase\-'
84 verbose stack     at Error (native)
85 verbose cwd C:\Users\Dell\appfirebase
86 error Windows_NT 10.0.16299
87 error argv "C:\\Program Files\\nodejs\\node.exe" "C:\\Program Files\\nodejs\\node_modules\\npm\\bin\\npm-cli.js" "install" "-" "g" "firebase" "-" "tools"
88 error node v6.11.3
89 error npm  v3.10.10
90 error path C:\Users\Dell\appfirebase\-
91 error code ENOENT
92 error errno -4058
93 error syscall open
94 error enoent ENOENT: no such file or directory, open 'C:\Users\Dell\appfirebase\-'
95 error enoent ENOENT: no such file or directory, open 'C:\Users\Dell\appfirebase\-'
95 error enoent This is most likely not a problem with npm itself
95 error enoent and is related to npm not being able to find a file.
96 verbose exit [ -4058, true ]
